<?xml version="1.0" encoding="UTF-8"?>
<!-- Generated by org.testng.reporters.JUnitReportReporter -->
<testsuite hostname="DESKTOP-MMBFO9F" failures="0" tests="6" name="Testcases.TC1_ActitimeLoginLogout" time="70.366" errors="0" timestamp="2023-12-20T15:01:25 IST" skipped="0">
  <testcase classname="Testcases.TC1_ActitimeLoginLogout" name="login" time="9.050"/>
  <testcase classname="Testcases.TC1_ActitimeLoginLogout" name="login" time="12.219"/>
  <testcase classname="Testcases.TC1_ActitimeLoginLogout" name="logout" time="15.508"/>
  <testcase classname="Testcases.TC1_ActitimeLoginLogout" name="login" time="10.152"/>
  <testcase classname="Testcases.TC1_ActitimeLoginLogout" name="logout" time="12.593"/>
  <testcase classname="Testcases.TC1_ActitimeLoginLogout" name="logout" time="10.844"/>
  <system-out>
    <![CDATA[execution started at suite tag level
execution started at test tag level
execution completed at test tag level
execution started at test tag level
execution completed at test tag level
execution started at test tag level
execution completed at test tag level
execution completed at suite tag level]]>
  </system-out>
</testsuite> <!-- Testcases.TC1_ActitimeLoginLogout -->
