<?xml version="1.0" encoding="UTF-8"?>
<!-- Generated by org.testng.reporters.JUnitReportReporter -->
<testsuite hostname="DESKTOP-MMBFO9F" failures="0" tests="1" name="Assertclassmethods.CollectionValidation_4" time="0.011" errors="0" timestamp="2023-12-17T17:01:59 IST" skipped="0">
  <testcase classname="Assertclassmethods.CollectionValidation_4" name="collectionListValidation" time="0.011"/>
</testsuite> <!-- Assertclassmethods.CollectionValidation_4 -->
