<?xml version="1.0" encoding="UTF-8"?>
<!-- Generated by org.testng.reporters.JUnitReportReporter -->
<testsuite hostname="DESKTOP-MMBFO9F" failures="0" tests="1" name="Assertclassmethods.Assertcollectionvalidation" time="9.161" errors="0" timestamp="2023-12-17T15:14:08 IST" skipped="0">
  <testcase classname="Assertclassmethods.Assertcollectionvalidation" name="collectionValidation_Assert" time="9.161"/>
</testsuite> <!-- Assertclassmethods.Assertcollectionvalidation -->
