<?xml version="1.0" encoding="UTF-8"?>
<!-- Generated by org.testng.reporters.JUnitReportReporter -->
<testsuite hostname="DESKTOP-MMBFO9F" failures="0" tests="1" name="Assertclassmethods.CollectionValidation_3" time="0.018" errors="0" timestamp="2023-12-17T16:47:48 IST" skipped="0">
  <testcase classname="Assertclassmethods.CollectionValidation_3" name="collectionListValidation" time="0.018"/>
</testsuite> <!-- Assertclassmethods.CollectionValidation_3 -->
