<?xml version="1.0" encoding="UTF-8"?>
<!-- Generated by org.testng.reporters.JUnitReportReporter -->
<testsuite hostname="DESKTOP-MMBFO9F" failures="1" tests="1" name="Assertclassmethods.SoftAssertCollectionValidation" time="14.869" errors="0" timestamp="2023-12-17T15:58:45 IST" skipped="0">
  <testcase classname="Assertclassmethods.SoftAssertCollectionValidation" name="collectionValidation_SoftAssert" time="14.869">
    <failure message="The following asserts failed:
	Sets differ: expected [NID=511=W4cvZDHSzANSH1QyUJ0g6m8jq3vATWViyoobFMhbtV2hrNUF2_TVHPBWEbaGQqtiIFKkU6KRY_ynFUAaqIbOMmyByK-LzNo7lKwWy7mG7mexrhFAob3eW7LhvriZMoFME5GALeq0jr41x0HwfaAIxn_jmoyhcXyN6shZpnrMW1epj1fl4rwtFf6b; expires=Mon, 17 Jun 2024 03:58:34 IST; path=/; domain=.google.com;secure;; sameSite=None, 1P_JAR=2023-12-17-10; expires=Tue, 16 Jan 2024 03:58:43 IST; path=/; domain=.google.com;secure;; sameSite=None, OGPC=19037049-1:; expires=Tue, 16 Jan 2024 03:58:43 IST; path=/; domain=.google.com; sameSite=Lax, AEC=Ackid1R1Km463sQJU2ZhKBNQgByh6DRBa-McUaNljHtF2AW7-ApE3g-00w; expires=Fri, 14 Jun 2024 03:58:35 IST; path=/; domain=.google.com;secure;; sameSite=Lax] but got [NID=511=W4cvZDHSzANSH1QyUJ0g6m8jq3vATWViyoobFMhbtV2hrNUF2_TVHPBWEbaGQqtiIFKkU6KRY_ynFUAaqIbOMmyByK-LzNo7lKwWy7mG7mexrhFAob3eW7LhvriZMoFME5GALeq0jr41x0HwfaAIxn_jmoyhcXyN6shZpnrMW1epj1fl4rwtFf6b; expires=Mon, 17 Jun 2024 03:58:34 IST; path=/; domain=.google.com;secure;; sameSite=None, 1P_JAR=2023-12-17-10; expires=Tue, 16 Jan 2024 03:58:43 IST; path=/; domain=.google.com;secure;; sameSite=None, Sunanda=Sunanda123; path=/; domain=www.google.com;secure;; sameSite=Lax, OGPC=19037049-1:; expires=Tue, 16 Jan 2024 03:58:43 IST; path=/; domain=.google.com; sameSite=Lax, AEC=Ackid1R1Km463sQJU2ZhKBNQgByh6DRBa-McUaNljHtF2AW7-ApE3g-00w; expires=Fri, 14 Jun 2024 03:58:35 IST; path=/; domain=.google.com;secure;; sameSite=Lax],
	Sets differ: expected [NID=511=W4cvZDHSzANSH1QyUJ0g6m8jq3vATWViyoobFMhbtV2hrNUF2_TVHPBWEbaGQqtiIFKkU6KRY_ynFUAaqIbOMmyByK-LzNo7lKwWy7mG7mexrhFAob3eW7LhvriZMoFME5GALeq0jr41x0HwfaAIxn_jmoyhcXyN6shZpnrMW1epj1fl4rwtFf6b; expires=Mon, 17 Jun 2024 03:58:34 IST; path=/; domain=.google.com;secure;; sameSite=None, 1P_JAR=2023-12-17-10; expires=Tue, 16 Jan 2024 03:58:43 IST; path=/; domain=.google.com;secure;; sameSite=None, Sunanda=Sunanda123; path=/; domain=www.google.com;secure;; sameSite=Lax, OGPC=19037049-1:; expires=Tue, 16 Jan 2024 03:58:43 IST; path=/; domain=.google.com; sameSite=Lax, AEC=Ackid1R1Km463sQJU2ZhKBNQgByh6DRBa-McUaNljHtF2AW7-ApE3g-00w; expires=Fri, 14 Jun 2024 03:58:35 IST; path=/; domain=.google.com;secure;; sameSite=Lax] but got [NID=511=W4cvZDHSzANSH1QyUJ0g6m8jq3vATWViyoobFMhbtV2hrNUF2_TVHPBWEbaGQqtiIFKkU6KRY_ynFUAaqIbOMmyByK-LzNo7lKwWy7mG7mexrhFAob3eW7LhvriZMoFME5GALeq0jr41x0HwfaAIxn_jmoyhcXyN6shZpnrMW1epj1fl4rwtFf6b; expires=Mon, 17 Jun 2024 03:58:34 IST; path=/; domain=.google.com;secure;; sameSite=None, 1P_JAR=2023-12-17-10; expires=Tue, 16 Jan 2024 03:58:44 IST; path=/; domain=.google.com;secure;; sameSite=None, OGPC=19037049-1:; expires=Tue, 16 Jan 2024 03:58:43 IST; path=/; domain=.google.com; sameSite=Lax, AEC=Ackid1R1Km463sQJU2ZhKBNQgByh6DRBa-McUaNljHtF2AW7-ApE3g-00w; expires=Fri, 14 Jun 2024 03:58:35 IST; path=/; domain=.google.com;secure;; sameSite=Lax]" type="java.lang.AssertionError">
      <![CDATA[java.lang.AssertionError: The following asserts failed:
Sets differ: expected [NID=511=W4cvZDHSzANSH1QyUJ0g6m8jq3vATWViyoobFMhbtV2hrNUF2_TVHPBWEbaGQqtiIFKkU6KRY_ynFUAaqIbOMmyByK-LzNo7lKwWy7mG7mexrhFAob3eW7LhvriZMoFME5GALeq0jr41x0HwfaAIxn_jmoyhcXyN6shZpnrMW1epj1fl4rwtFf6b; expires=Mon, 17 Jun 2024 03:58:34 IST; path=/; domain=.google.com;secure;; sameSite=None, 1P_JAR=2023-12-17-10; expires=Tue, 16 Jan 2024 03:58:43 IST; path=/; domain=.google.com;secure;; sameSite=None, OGPC=19037049-1:; expires=Tue, 16 Jan 2024 03:58:43 IST; path=/; domain=.google.com; sameSite=Lax, AEC=Ackid1R1Km463sQJU2ZhKBNQgByh6DRBa-McUaNljHtF2AW7-ApE3g-00w; expires=Fri, 14 Jun 2024 03:58:35 IST; path=/; domain=.google.com;secure;; sameSite=Lax] but got [NID=511=W4cvZDHSzANSH1QyUJ0g6m8jq3vATWViyoobFMhbtV2hrNUF2_TVHPBWEbaGQqtiIFKkU6KRY_ynFUAaqIbOMmyByK-LzNo7lKwWy7mG7mexrhFAob3eW7LhvriZMoFME5GALeq0jr41x0HwfaAIxn_jmoyhcXyN6shZpnrMW1epj1fl4rwtFf6b; expires=Mon, 17 Jun 2024 03:58:34 IST; path=/; domain=.google.com;secure;; sameSite=None, 1P_JAR=2023-12-17-10; expires=Tue, 16 Jan 2024 03:58:43 IST; path=/; domain=.google.com;secure;; sameSite=None, Sunanda=Sunanda123; path=/; domain=www.google.com;secure;; sameSite=Lax, OGPC=19037049-1:; expires=Tue, 16 Jan 2024 03:58:43 IST; path=/; domain=.google.com; sameSite=Lax, AEC=Ackid1R1Km463sQJU2ZhKBNQgByh6DRBa-McUaNljHtF2AW7-ApE3g-00w; expires=Fri, 14 Jun 2024 03:58:35 IST; path=/; domain=.google.com;secure;; sameSite=Lax],
Sets differ: expected [NID=511=W4cvZDHSzANSH1QyUJ0g6m8jq3vATWViyoobFMhbtV2hrNUF2_TVHPBWEbaGQqtiIFKkU6KRY_ynFUAaqIbOMmyByK-LzNo7lKwWy7mG7mexrhFAob3eW7LhvriZMoFME5GALeq0jr41x0HwfaAIxn_jmoyhcXyN6shZpnrMW1epj1fl4rwtFf6b; expires=Mon, 17 Jun 2024 03:58:34 IST; path=/; domain=.google.com;secure;; sameSite=None, 1P_JAR=2023-12-17-10; expires=Tue, 16 Jan 2024 03:58:43 IST; path=/; domain=.google.com;secure;; sameSite=None, Sunanda=Sunanda123; path=/; domain=www.google.com;secure;; sameSite=Lax, OGPC=19037049-1:; expires=Tue, 16 Jan 2024 03:58:43 IST; path=/; domain=.google.com; sameSite=Lax, AEC=Ackid1R1Km463sQJU2ZhKBNQgByh6DRBa-McUaNljHtF2AW7-ApE3g-00w; expires=Fri, 14 Jun 2024 03:58:35 IST; path=/; domain=.google.com;secure;; sameSite=Lax] but got [NID=511=W4cvZDHSzANSH1QyUJ0g6m8jq3vATWViyoobFMhbtV2hrNUF2_TVHPBWEbaGQqtiIFKkU6KRY_ynFUAaqIbOMmyByK-LzNo7lKwWy7mG7mexrhFAob3eW7LhvriZMoFME5GALeq0jr41x0HwfaAIxn_jmoyhcXyN6shZpnrMW1epj1fl4rwtFf6b; expires=Mon, 17 Jun 2024 03:58:34 IST; path=/; domain=.google.com;secure;; sameSite=None, 1P_JAR=2023-12-17-10; expires=Tue, 16 Jan 2024 03:58:44 IST; path=/; domain=.google.com;secure;; sameSite=None, OGPC=19037049-1:; expires=Tue, 16 Jan 2024 03:58:43 IST; path=/; domain=.google.com; sameSite=Lax, AEC=Ackid1R1Km463sQJU2ZhKBNQgByh6DRBa-McUaNljHtF2AW7-ApE3g-00w; expires=Fri, 14 Jun 2024 03:58:35 IST; path=/; domain=.google.com;secure;; sameSite=Lax]
at org.testng.asserts.SoftAssert.assertAll(SoftAssert.java:46)
at org.testng.asserts.SoftAssert.assertAll(SoftAssert.java:30)
at Assertclassmethods.SoftAssertCollectionValidation.collectionValidation_SoftAssert(SoftAssertCollectionValidation.java:30)
at java.base/jdk.internal.reflect.NativeMethodAccessorImpl.invoke0(Native Method)
at java.base/jdk.internal.reflect.NativeMethodAccessorImpl.invoke(NativeMethodAccessorImpl.java:77)
at java.base/jdk.internal.reflect.DelegatingMethodAccessorImpl.invoke(DelegatingMethodAccessorImpl.java:43)
at java.base/java.lang.reflect.Method.invoke(Method.java:568)
at org.testng.internal.invokers.MethodInvocationHelper.invokeMethod(MethodInvocationHelper.java:139)
at org.testng.internal.invokers.TestInvoker.invokeMethod(TestInvoker.java:664)
at org.testng.internal.invokers.TestInvoker.invokeTestMethod(TestInvoker.java:227)
at org.testng.internal.invokers.MethodRunner.runInSequence(MethodRunner.java:50)
at org.testng.internal.invokers.TestInvoker$MethodInvocationAgent.invoke(TestInvoker.java:957)
at org.testng.internal.invokers.TestInvoker.invokeTestMethods(TestInvoker.java:200)
at org.testng.internal.invokers.TestMethodWorker.invokeTestMethods(TestMethodWorker.java:148)
at org.testng.internal.invokers.TestMethodWorker.run(TestMethodWorker.java:128)
at java.base/java.util.ArrayList.forEach(ArrayList.java:1511)
at org.testng.TestRunner.privateRun(TestRunner.java:848)
at org.testng.TestRunner.run(TestRunner.java:621)
at org.testng.SuiteRunner.runTest(SuiteRunner.java:443)
at org.testng.SuiteRunner.runSequentially(SuiteRunner.java:437)
at org.testng.SuiteRunner.privateRun(SuiteRunner.java:397)
at org.testng.SuiteRunner.run(SuiteRunner.java:336)
at org.testng.SuiteRunnerWorker.runSuite(SuiteRunnerWorker.java:52)
at org.testng.SuiteRunnerWorker.run(SuiteRunnerWorker.java:95)
at org.testng.TestNG.runSuitesSequentially(TestNG.java:1280)
at org.testng.TestNG.runSuitesLocally(TestNG.java:1200)
at org.testng.TestNG.runSuites(TestNG.java:1114)
at org.testng.TestNG.run(TestNG.java:1082)
at org.testng.remote.AbstractRemoteTestNG.run(AbstractRemoteTestNG.java:115)
at org.testng.remote.RemoteTestNG.initAndRun(RemoteTestNG.java:251)
at org.testng.remote.RemoteTestNG.main(RemoteTestNG.java:77)
]]>
    </failure>
  </testcase> <!-- collectionValidation_SoftAssert -->
</testsuite> <!-- Assertclassmethods.SoftAssertCollectionValidation -->
