<?xml version="1.0" encoding="UTF-8"?>
<!-- Generated by org.testng.reporters.JUnitReportReporter -->
<testsuite hostname="DESKTOP-MMBFO9F" failures="0" tests="3" name="Testcases.Testcasesforlogincreatetypeworkdelete" time="56.758" errors="0" timestamp="2023-12-10T09:40:16 IST" skipped="0">
  <testcase classname="Testcases.Testcasesforlogincreatetypeworkdelete" name="loginMethod" time="14.557"/>
  <testcase classname="Testcases.Testcasesforlogincreatetypeworkdelete" name="createtypeworkMethod" time="11.377"/>
  <testcase classname="Testcases.Testcasesforlogincreatetypeworkdelete" name="deleteMethod" time="30.824"/>
</testsuite> <!-- Testcases.Testcasesforlogincreatetypeworkdelete -->
