<?xml version="1.0" encoding="UTF-8"?>
<!-- Generated by org.testng.reporters.JUnitReportReporter -->
<testsuite hostname="DESKTOP-MMBFO9F" failures="0" tests="1" name="Assertclassmethods.Assertbooleanvalidation" time="9.478" errors="0" timestamp="2023-12-17T14:35:25 IST" skipped="0">
  <testcase classname="Assertclassmethods.Assertbooleanvalidation" name="booleanValidation" time="9.478"/>
</testsuite> <!-- Assertclassmethods.Assertbooleanvalidation -->
