<?xml version="1.0" encoding="UTF-8"?>
<!-- Generated by org.testng.reporters.JUnitReportReporter -->
<testsuite hostname="DESKTOP-MMBFO9F" failures="0" tests="1" name="Assertclassmethods.CollectionValidation_2" time="0.015" errors="0" timestamp="2023-12-17T16:40:45 IST" skipped="0">
  <testcase classname="Assertclassmethods.CollectionValidation_2" name="collectionListValidation" time="0.015"/>
</testsuite> <!-- Assertclassmethods.CollectionValidation_2 -->
