<?xml version="1.0" encoding="UTF-8"?>
<!-- Generated by org.testng.reporters.JUnitReportReporter -->
<testsuite hostname="DESKTOP-MMBFO9F" failures="0" tests="1" name="Assertclassmethods.Assertstringvalidation" time="18.384" errors="0" timestamp="2023-12-17T15:35:20 IST" skipped="0">
  <testcase classname="Assertclassmethods.Assertstringvalidation" name="stringValidation" time="18.384"/>
</testsuite> <!-- Assertclassmethods.Assertstringvalidation -->
