<?xml version="1.0" encoding="UTF-8"?>
<!-- Generated by org.testng.reporters.JUnitReportReporter -->
<testsuite hostname="DESKTOP-MMBFO9F" failures="0" tests="6" name="com.testcases.ActiTIME.TC1_ActitimeLoginLogout" time="77.269" errors="0" timestamp="2023-12-20T14:10:23 IST" skipped="0">
  <testcase classname="com.testcases.ActiTIME.TC1_ActitimeLoginLogout" name="login" time="8.848"/>
  <system-out/>
  <testcase classname="com.testcases.ActiTIME.TC1_ActitimeLoginLogout" name="logout" time="8.664"/>
  <system-out/>
  <testcase classname="com.testcases.ActiTIME.TC1_ActitimeLoginLogout" name="login" time="17.364"/>
  <system-out/>
  <testcase classname="com.testcases.ActiTIME.TC1_ActitimeLoginLogout" name="logout" time="14.362"/>
  <system-out/>
  <testcase classname="com.testcases.ActiTIME.TC1_ActitimeLoginLogout" name="login" time="9.987"/>
  <system-out/>
  <testcase classname="com.testcases.ActiTIME.TC1_ActitimeLoginLogout" name="logout" time="18.044"/>
  <system-out/>
</testsuite> <!-- com.testcases.ActiTIME.TC1_ActitimeLoginLogout -->
