<?xml version="1.0" encoding="UTF-8"?>
<!-- Generated by org.testng.reporters.JUnitReportReporter -->
<testsuite hostname="DESKTOP-MMBFO9F" failures="0" tests="6" name="com.testcases.ActiTIME.TC1_ActitimeLoginLogout" time="78.764" errors="0" timestamp="2023-12-19T16:46:20 IST" skipped="0">
  <testcase classname="com.testcases.ActiTIME.TC1_ActitimeLoginLogout" name="login" time="19.660"/>
  <system-out/>
  <testcase classname="com.testcases.ActiTIME.TC1_ActitimeLoginLogout" name="login" time="9.437"/>
  <system-out/>
  <testcase classname="com.testcases.ActiTIME.TC1_ActitimeLoginLogout" name="logout" time="8.538"/>
  <system-out/>
  <testcase classname="com.testcases.ActiTIME.TC1_ActitimeLoginLogout" name="logout" time="17.749"/>
  <system-out/>
  <testcase classname="com.testcases.ActiTIME.TC1_ActitimeLoginLogout" name="logout" time="13.136"/>
  <system-out/>
  <testcase classname="com.testcases.ActiTIME.TC1_ActitimeLoginLogout" name="login" time="10.244"/>
  <system-out/>
</testsuite> <!-- com.testcases.ActiTIME.TC1_ActitimeLoginLogout -->
